VirtualBox XPCOM Server 5.1.12 r112440 linux.amd64 (Dec 21 2016 12:52:39) release log
00:00:00.002844 main     Log opened 2017-01-30T09:27:05.488580000Z
00:00:00.002848 main     Build Type: release
00:00:00.002854 main     OS Product: Linux
00:00:00.002855 main     OS Release: 4.8.13-1-ARCH
00:00:00.002857 main     OS Version: #1 SMP PREEMPT Fri Dec 9 07:24:34 CET 2016
00:00:00.002891 main     DMI Product Name: Inspiron N5110
00:00:00.002903 main     DMI Product Version: Not Specified
00:00:00.002971 main     Host RAM: 7893MB (7.7GB) total, 5415MB (5.2GB) available
00:00:00.002979 main     Executable: /usr/lib/virtualbox/VBoxSVC
00:00:00.002980 main     Process ID: 15298
00:00:00.002982 main     Package type: LINUX_64BITS_GENERIC (OSE)
00:00:00.005594 main     IPC socket path: /tmp/.vbox-alomsimoy-ipc/ipcd
00:00:00.116913 nspr-2   VirtualBox: object creation starts
00:00:00.118322 nspr-2   Home directory: '/home/alomsimoy/.config/VirtualBox'
00:00:00.119278 nspr-2   Loading settings file "/home/alomsimoy/.config/VirtualBox/VirtualBox.xml" with version "1.12-linux"
00:00:00.128440 nspr-2   USB: Unknown USB device detected (idVendor: 0x8086, idProduct: 0x0189). Please, report the idVendor and idProduct to virtualbox.org.
00:00:00.128550 nspr-2   Successfully initialised host USB using sysfs
00:00:00.177871 nspr-2   NAT: resolv.conf: nameserver 80.58.61.250
00:00:00.177915 nspr-2   NAT: resolv.conf: nameserver 80.58.61.254
00:00:00.177947 nspr-2   HostDnsMonitor: old information
00:00:00.177955 nspr-2     no server entries
00:00:00.177961 nspr-2     no domain set
00:00:00.177966 nspr-2     no search string entries
00:00:00.177971 nspr-2   HostDnsMonitor: new information
00:00:00.177976 nspr-2     server 1: 80.58.61.250
00:00:00.177982 nspr-2     server 2: 80.58.61.254
00:00:00.177987 nspr-2     domain: Home
00:00:00.177992 nspr-2     no search string entries
00:00:00.178002 nspr-2   HostDnsMonitorProxy::notify
00:00:00.235199 nspr-2   VD: VDInit finished
00:00:00.716383 nspr-2   Loading settings file "/home/alomsimoy/Data/VirtualBoxVM/Win7 _ Arch 2/Win7 + Arch 2.vbox" with version "1.15-linux"
00:00:00.757320 nspr-2   Loading settings file "/home/alomsimoy/Data/VirtualBoxVM/Microsoft SQL Server 2012 Express/Microsoft SQL Server 2012 Express.vbox" with version "1.15-linux"
00:00:00.838198 nspr-2   Loading settings file "/home/alomsimoy/Data/VirtualBoxVM/ContentDifusion_default_1457519902888_79728/ContentDifusion_default_1457519902888_79728.vbox" with version "1.12-linux"
00:00:00.902859 nspr-2   Loading settings file "/home/alomsimoy/Data/VirtualBoxVM/vm06/vm06.vbox" with version "1.15-linux"
00:00:00.962139 nspr-2   Loading settings file "/home/alomsimoy/Data/VirtualBoxVM/vm07/vm07.vbox" with version "1.15-linux"
00:00:01.012963 nspr-2   Loading settings file "/home/alomsimoy/Data/VirtualBoxVM/settler_default_1456975001563_27488_1460744319436_20727/settler_default_1456975001563_27488_1460744319436_20727.vbox" with version "1.15-linux"
00:00:01.042916 nspr-2   Loading settings file "/home/alomsimoy/Data/VirtualBoxVM/vm09/vm09.vbox" with version "1.15-linux"
00:00:01.160732 nspr-2   Loading settings file "/home/alomsimoy/Data/VirtualBoxVM/remixOS/remixOS.vbox" with version "1.15-linux"
00:00:01.265443 nspr-2   Loading settings file "/home/alomsimoy/Data/VirtualBoxVM/vm_default_1465563828170_91781/vm_default_1465563828170_91781.vbox" with version "1.12-linux"
00:00:01.404632 nspr-2   Loading settings file "/home/alomsimoy/Data/VirtualBoxVM/vm10_default_1471331887468_31082/vm10_default_1471331887468_31082.vbox" with version "1.12-linux"
00:00:01.478143 nspr-2   Loading settings file "/home/alomsimoy/Data/VirtualBoxVM/FreeNAS/FreeNAS.vbox" with version "1.15-linux"
00:00:01.544052 nspr-2   Loading settings file "/home/alomsimoy/Data/VirtualBoxVM/Void Linux/Void Linux.vbox" with version "1.16-linux"
00:00:01.560403 nspr-2   VirtualBox: object created
00:00:32.065012 main     VirtualBox: object deletion starts
00:00:32.065166 main     ERROR [COM]: aRC=VBOX_E_OBJECT_IN_USE (0x80bb000c) aIID={4afe423b-43e0-e9d0-82e8-ceb307940dda} aComponent={MediumWrap} aText={Medium '/home/alomsimoy/Data/VirtualBoxVM/Win7 _ Arch 2/Win7+Arch-disk1.vmdk' cannot be closed because it is still attached to 1 virtual machines}, preserve=false aResultDetail=0
00:00:32.065596 main     ERROR [COM]: aRC=VBOX_E_OBJECT_IN_USE (0x80bb000c) aIID={4afe423b-43e0-e9d0-82e8-ceb307940dda} aComponent={MediumWrap} aText={Medium '/home/alomsimoy/Data/VirtualBoxVM/Microsoft SQL Server 2012 Express/Microsoft SQL Server 2012 Express-disk2.vmdk' cannot be closed because it is still attached to 1 virtual machines}, preserve=false aResultDetail=0
00:00:32.065937 main     ERROR [COM]: aRC=VBOX_E_OBJECT_IN_USE (0x80bb000c) aIID={4afe423b-43e0-e9d0-82e8-ceb307940dda} aComponent={MediumWrap} aText={Medium '/home/alomsimoy/Data/VirtualBoxVM/ContentDifusion_default_1457519902888_79728/box-disk1.vmdk' cannot be closed because it is still attached to 1 virtual machines}, preserve=false aResultDetail=0
00:00:32.066201 main     ERROR [COM]: aRC=VBOX_E_OBJECT_IN_USE (0x80bb000c) aIID={4afe423b-43e0-e9d0-82e8-ceb307940dda} aComponent={MediumWrap} aText={Medium '/home/alomsimoy/Data/VirtualBoxVM/vm06/box-disk1.vmdk' cannot be closed because it is still attached to 1 virtual machines}, preserve=false aResultDetail=0
00:00:32.066470 main     ERROR [COM]: aRC=VBOX_E_OBJECT_IN_USE (0x80bb000c) aIID={4afe423b-43e0-e9d0-82e8-ceb307940dda} aComponent={MediumWrap} aText={Medium '/home/alomsimoy/Data/VirtualBoxVM/vm07/box-disk1.vmdk' cannot be closed because it is still attached to 1 virtual machines}, preserve=false aResultDetail=0
00:00:32.066730 main     ERROR [COM]: aRC=VBOX_E_OBJECT_IN_USE (0x80bb000c) aIID={4afe423b-43e0-e9d0-82e8-ceb307940dda} aComponent={MediumWrap} aText={Medium '/home/alomsimoy/Data/VirtualBoxVM/settler_default_1456975001563_27488_1460744319436_20727/box-disk1.vmdk' cannot be closed because it is still attached to 1 virtual machines}, preserve=false aResultDetail=0
00:00:32.067117 main     ERROR [COM]: aRC=VBOX_E_OBJECT_IN_USE (0x80bb000c) aIID={4afe423b-43e0-e9d0-82e8-ceb307940dda} aComponent={MediumWrap} aText={Medium '/home/alomsimoy/Data/VirtualBoxVM/vm09/box-disk1.vmdk' cannot be closed because it is still attached to 1 virtual machines}, preserve=false aResultDetail=0
00:00:32.067441 main     ERROR [COM]: aRC=VBOX_E_OBJECT_IN_USE (0x80bb000c) aIID={4afe423b-43e0-e9d0-82e8-ceb307940dda} aComponent={MediumWrap} aText={Medium '/home/alomsimoy/Data/VirtualBoxVM/remixOS/remixOS.vdi' cannot be closed because it is still attached to 1 virtual machines}, preserve=false aResultDetail=0
00:00:32.067754 main     ERROR [COM]: aRC=VBOX_E_OBJECT_IN_USE (0x80bb000c) aIID={4afe423b-43e0-e9d0-82e8-ceb307940dda} aComponent={MediumWrap} aText={Medium '/home/alomsimoy/Data/VirtualBoxVM/vm_default_1465563828170_91781/box-disk1.vmdk' cannot be closed because it is still attached to 1 virtual machines}, preserve=false aResultDetail=0
00:00:32.068027 Watcher  ERROR [COM]: aRC=E_ACCESSDENIED (0x80070005) aIID={0169423f-46b4-cde9-91af-1e9d5b6cd945} aComponent={VirtualBoxWrap} aText={The object is not ready}, preserve=false aResultDetail=0
00:00:32.068255 main     ERROR [COM]: aRC=VBOX_E_OBJECT_IN_USE (0x80bb000c) aIID={4afe423b-43e0-e9d0-82e8-ceb307940dda} aComponent={MediumWrap} aText={Medium '/home/alomsimoy/Data/VirtualBoxVM/vm10_default_1471331887468_31082/box-disk1.vmdk' cannot be closed because it is still attached to 1 virtual machines}, preserve=false aResultDetail=0
00:00:32.068671 main     ERROR [COM]: aRC=VBOX_E_OBJECT_IN_USE (0x80bb000c) aIID={4afe423b-43e0-e9d0-82e8-ceb307940dda} aComponent={MediumWrap} aText={Medium '/home/alomsimoy/Data/VirtualBoxVM/FreeNAS/FreeNAS.vdi' cannot be closed because it is still attached to 1 virtual machines}, preserve=false aResultDetail=0
00:00:32.068726 main     ERROR [COM]: aRC=VBOX_E_OBJECT_IN_USE (0x80bb000c) aIID={4afe423b-43e0-e9d0-82e8-ceb307940dda} aComponent={MediumWrap} aText={Medium '/home/alomsimoy/Data/VirtualBoxVM/FreeNAS/FreeNAS-mirror.vdi' cannot be closed because it is still attached to 1 virtual machines}, preserve=false aResultDetail=0
00:00:32.068767 main     ERROR [COM]: aRC=VBOX_E_OBJECT_IN_USE (0x80bb000c) aIID={4afe423b-43e0-e9d0-82e8-ceb307940dda} aComponent={MediumWrap} aText={Medium '/home/alomsimoy/Data/VirtualBoxVM/FreeNAS/data-1.vdi' cannot be closed because it is still attached to 1 virtual machines}, preserve=false aResultDetail=0
00:00:32.068831 main     ERROR [COM]: aRC=VBOX_E_OBJECT_IN_USE (0x80bb000c) aIID={4afe423b-43e0-e9d0-82e8-ceb307940dda} aComponent={MediumWrap} aText={Medium '/home/alomsimoy/Data/VirtualBoxVM/FreeNAS/data-2.vdi' cannot be closed because it is still attached to 1 virtual machines}, preserve=false aResultDetail=0
00:00:32.068870 main     ERROR [COM]: aRC=VBOX_E_OBJECT_IN_USE (0x80bb000c) aIID={4afe423b-43e0-e9d0-82e8-ceb307940dda} aComponent={MediumWrap} aText={Medium '/home/alomsimoy/Data/VirtualBoxVM/FreeNAS/data-3.vdi' cannot be closed because it is still attached to 1 virtual machines}, preserve=false aResultDetail=0
00:00:32.068982 main     ERROR [COM]: aRC=VBOX_E_OBJECT_IN_USE (0x80bb000c) aIID={4afe423b-43e0-e9d0-82e8-ceb307940dda} aComponent={MediumWrap} aText={Medium '/home/alomsimoy/Data/VirtualBoxVM/FreeNAS/disk-4-replacement.vdi' cannot be closed because it is still attached to 1 virtual machines}, preserve=false aResultDetail=0
00:00:32.069349 main     ERROR [COM]: aRC=VBOX_E_OBJECT_IN_USE (0x80bb000c) aIID={4afe423b-43e0-e9d0-82e8-ceb307940dda} aComponent={MediumWrap} aText={Medium '/home/alomsimoy/Data/VirtualBoxVM/Void Linux/Void Linux.vdi' cannot be closed because it is still attached to 1 virtual machines}, preserve=false aResultDetail=0
00:00:37.070939 main     {00007f99ac017420} HostPowerServiceLinux::~HostPowerServiceLinux: RTThreadWait() for 5000 ms failed with VERR_TIMEOUT
00:00:37.071952 main     VirtualBox: object deleted
